------------------------------------------------------------------------------------------------------------------------

[2019-03-05 13:15:04 #1 store] 
Database 'C:\Users\aitor\workspace\Bets\resources\bets.temp' is opened by 11468@Aitor

[2019-03-05 13:15:04 #2 type.registry] 
New type domain.User

[2019-03-05 13:15:04 #3 type] 
Type domain.User is not enhanced.

[2019-03-05 13:15:04 #4 type.registry] 
New type domain.Question

[2019-03-05 13:15:04 #5 type] 
Type domain.Question is not enhanced.

[2019-03-05 13:15:04 #6 type.registry] 
New type domain.Event

[2019-03-05 13:15:04 #7 type.registry] 
New type domain.Result

[2019-03-05 13:15:04 #8 type] 
Type domain.Event is not enhanced.

[2019-03-05 13:15:04 #9 type.registry] 
New type java.util.Vector<domain.Question>

[2019-03-05 13:15:04 #10 type] 
Type domain.Result is not enhanced.

[2019-03-05 13:15:04 #11 type.registry] 
New type domain.Apuesta

[2019-03-05 13:15:04 #12 type] 
Type domain.Apuesta is not enhanced.

[2019-03-05 13:15:04 #13 type.registry] 
New type java.util.Vector<java.lang.Object>

------------------------------------------------------------------------------------------------------------------------

[2019-03-05 13:17:17 #1 store] 
Database 'C:\Users\aitor\workspace\Bets\resources\bets.temp' is opened by 5632@Aitor

[2019-03-05 13:17:17 #2 type.registry] 
New type domain.User

[2019-03-05 13:17:17 #3 type] 
Type domain.User is not enhanced.

[2019-03-05 13:17:17 #4 type.registry] 
New type domain.Question

[2019-03-05 13:17:17 #5 type] 
Type domain.Question is not enhanced.

[2019-03-05 13:17:17 #6 type.registry] 
New type domain.Event

[2019-03-05 13:17:17 #7 type.registry] 
New type domain.Result

[2019-03-05 13:17:17 #8 type] 
Type domain.Event is not enhanced.

[2019-03-05 13:17:17 #9 type.registry] 
New type java.util.Vector<domain.Question>

[2019-03-05 13:17:17 #10 type] 
Type domain.Result is not enhanced.

[2019-03-05 13:17:17 #11 type.registry] 
New type domain.Apuesta

[2019-03-05 13:17:17 #12 type] 
Type domain.Apuesta is not enhanced.

[2019-03-05 13:17:17 #13 type.registry] 
New type java.util.Vector<java.lang.Object>

------------------------------------------------------------------------------------------------------------------------

[2019-03-05 13:22:08 #1 store] 
Database 'C:\Users\aitor\workspace\Bets\resources\bets.temp' is opened by 7716@Aitor

[2019-03-05 13:22:08 #2 type.registry] 
New type domain.User

[2019-03-05 13:22:08 #3 type] 
Type domain.User is not enhanced.

[2019-03-05 13:22:08 #4 type.registry] 
New type domain.Question

[2019-03-05 13:22:08 #5 type] 
Type domain.Question is not enhanced.

[2019-03-05 13:22:08 #6 type.registry] 
New type domain.Event

[2019-03-05 13:22:08 #7 type.registry] 
New type domain.Result

[2019-03-05 13:22:08 #8 type] 
Type domain.Event is not enhanced.

[2019-03-05 13:22:08 #9 type.registry] 
New type java.util.Vector<domain.Question>

[2019-03-05 13:22:08 #10 type] 
Type domain.Result is not enhanced.

[2019-03-05 13:22:08 #11 type.registry] 
New type domain.Apuesta

[2019-03-05 13:22:08 #12 type] 
Type domain.Apuesta is not enhanced.

[2019-03-05 13:22:08 #13 type.registry] 
New type java.util.Vector<java.lang.Object>

